0 verbose cli C:\Program Files\nodejs\node.exe C:\Users\ainun\AppData\Roaming\npm\node_modules\npm\bin\npm-cli.js
1 info using npm@10.8.2
2 info using node@v22.4.1
3 silly config load:file:C:\Users\ainun\AppData\Roaming\npm\node_modules\npm\npmrc
4 silly config load:file:C:\Users\ainun\OneDrive\Desktop\toko-magang\ccit-dashboard\.npmrc
5 silly config load:file:C:\Users\ainun\.npmrc
6 silly config load:file:C:\Users\ainun\AppData\Roaming\npm\etc\npmrc
7 verbose title npm exec prisma migrate dev --name init
8 verbose argv "exec" "--" "prisma" "migrate" "dev" "--name" "init"
9 verbose logfile logs-max:10 dir:C:\Users\ainun\OneDrive\Desktop\toko-magang\ccit-dashboard\UsersainunAppDataLocalnpm-cache\_logs\2024-08-15T07_59_23_664Z-
10 verbose logfile C:\Users\ainun\OneDrive\Desktop\toko-magang\ccit-dashboard\UsersainunAppDataLocalnpm-cache\_logs\2024-08-15T07_59_23_664Z-debug-0.log
11 silly logfile done cleaning log files
12 silly packumentCache heap:2197815296 maxSize:549453824 maxEntrySize:274726912
13 http fetch GET 200 https://registry.npmjs.org/prisma 2697ms (cache miss)
14 silly packumentCache heap:2197815296 maxSize:549453824 maxEntrySize:274726912
15 silly packumentCache heap:2197815296 maxSize:549453824 maxEntrySize:274726912
16 silly idealTree buildDeps
17 silly fetch manifest prisma@5.18.0
18 silly packumentCache full:https://registry.npmjs.org/prisma cache-miss
19 http fetch GET 200 https://registry.npmjs.org/prisma 142ms (cache revalidated)
20 silly packumentCache full:https://registry.npmjs.org/prisma set size:33480277 disposed:false
21 silly placeDep ROOT prisma@5.18.0 OK for:  want: 5.18.0
22 silly fetch manifest @prisma/engines@5.18.0
23 silly packumentCache full:https://registry.npmjs.org/@prisma%2fengines cache-miss
24 http fetch GET 200 https://registry.npmjs.org/@prisma%2fengines 1582ms (cache miss)
25 silly packumentCache full:https://registry.npmjs.org/@prisma%2fengines set size:undefined disposed:false
26 silly placeDep ROOT @prisma/engines@5.18.0 OK for: prisma@5.18.0 want: 5.18.0
27 silly fetch manifest @prisma/debug@5.18.0
28 silly packumentCache full:https://registry.npmjs.org/@prisma%2fdebug cache-miss
29 silly fetch manifest @prisma/fetch-engine@5.18.0
30 silly packumentCache full:https://registry.npmjs.org/@prisma%2ffetch-engine cache-miss
31 silly fetch manifest @prisma/get-platform@5.18.0
32 silly packumentCache full:https://registry.npmjs.org/@prisma%2fget-platform cache-miss
33 silly fetch manifest @prisma/engines-version@5.18.0-25.4c784e32044a8a016d99474bd02a3b6123742169
34 silly packumentCache full:https://registry.npmjs.org/@prisma%2fengines-version cache-miss
35 http fetch GET 200 https://registry.npmjs.org/@prisma%2fengines-version 4117ms (cache miss)
36 silly packumentCache full:https://registry.npmjs.org/@prisma%2fengines-version set size:undefined disposed:false
37 http fetch GET 200 https://registry.npmjs.org/@prisma%2fdebug 5840ms (cache miss)
38 silly packumentCache full:https://registry.npmjs.org/@prisma%2fdebug set size:undefined disposed:false
39 http fetch GET 200 https://registry.npmjs.org/@prisma%2ffetch-engine 7418ms (cache miss)
40 silly packumentCache full:https://registry.npmjs.org/@prisma%2ffetch-engine set size:undefined disposed:false
41 http fetch GET 200 https://registry.npmjs.org/@prisma%2fget-platform 7578ms (cache miss)
42 silly packumentCache full:https://registry.npmjs.org/@prisma%2fget-platform set size:undefined disposed:false
43 silly placeDep ROOT @prisma/debug@5.18.0 OK for: @prisma/engines@5.18.0 want: 5.18.0
44 silly placeDep ROOT @prisma/engines-version@5.18.0-25.4c784e32044a8a016d99474bd02a3b6123742169 OK for: @prisma/engines@5.18.0 want: 5.18.0-25.4c784e32044a8a016d99474bd02a3b6123742169
45 silly placeDep ROOT @prisma/fetch-engine@5.18.0 OK for: @prisma/engines@5.18.0 want: 5.18.0
46 silly placeDep ROOT @prisma/get-platform@5.18.0 OK for: @prisma/engines@5.18.0 want: 5.18.0
47 silly reify moves {}
48 silly audit bulk request {
48 silly audit   prisma: [ '5.18.0' ],
48 silly audit   '@prisma/engines': [ '5.18.0' ],
48 silly audit   '@prisma/debug': [ '5.18.0' ],
48 silly audit   '@prisma/engines-version': [ '5.18.0-25.4c784e32044a8a016d99474bd02a3b6123742169' ],
48 silly audit   '@prisma/fetch-engine': [ '5.18.0' ],
48 silly audit   '@prisma/get-platform': [ '5.18.0' ]
48 silly audit }
49 silly tarball no local data for @prisma/fetch-engine@https://registry.npmjs.org/@prisma/fetch-engine/-/fetch-engine-5.18.0.tgz. Extracting by manifest.
50 silly tarball no local data for @prisma/get-platform@https://registry.npmjs.org/@prisma/get-platform/-/get-platform-5.18.0.tgz. Extracting by manifest.
51 silly tarball no local data for @prisma/engines-version@https://registry.npmjs.org/@prisma/engines-version/-/engines-version-5.18.0-25.4c784e32044a8a016d99474bd02a3b6123742169.tgz. Extracting by manifest.
52 silly tarball no local data for prisma@https://registry.npmjs.org/prisma/-/prisma-5.18.0.tgz. Extracting by manifest.
53 silly tarball no local data for @prisma/debug@https://registry.npmjs.org/@prisma/debug/-/debug-5.18.0.tgz. Extracting by manifest.
54 silly tarball no local data for @prisma/engines@https://registry.npmjs.org/@prisma/engines/-/engines-5.18.0.tgz. Extracting by manifest.
55 http fetch GET 200 https://registry.npmjs.org/@prisma/engines-version/-/engines-version-5.18.0-25.4c784e32044a8a016d99474bd02a3b6123742169.tgz 145ms (cache miss)
56 http fetch GET 200 https://registry.npmjs.org/@prisma/get-platform/-/get-platform-5.18.0.tgz 286ms (cache miss)
57 http fetch POST 200 https://registry.npmjs.org/-/npm/v1/security/advisories/bulk 299ms
58 silly audit report {}
59 http fetch GET 200 https://registry.npmjs.org/@prisma/fetch-engine/-/fetch-engine-5.18.0.tgz 377ms (cache miss)
60 http fetch GET 200 https://registry.npmjs.org/@prisma/engines/-/engines-5.18.0.tgz 495ms (cache miss)
61 http fetch GET 200 https://registry.npmjs.org/@prisma/debug/-/debug-5.18.0.tgz 536ms (cache miss)
62 http fetch GET 200 https://registry.npmjs.org/prisma/-/prisma-5.18.0.tgz 2481ms (cache miss)
63 info run prisma@5.18.0 preinstall node_modules/prisma node scripts/preinstall-entry.js
64 info run prisma@5.18.0 preinstall { code: 0, signal: null }
65 info run @prisma/engines@5.18.0 postinstall node_modules/@prisma/engines node scripts/postinstall.js
66 info run @prisma/engines@5.18.0 postinstall { code: 0, signal: null }
67 verbose cwd C:\Users\ainun\OneDrive\Desktop\toko-magang\ccit-dashboard
68 verbose os Windows_NT 10.0.22631
69 verbose node v22.4.1
70 verbose npm  v10.8.2
71 verbose exit 0
72 info ok
