0 verbose cli C:\Program Files\nodejs\node.exe C:\Users\ainun\AppData\Roaming\npm\node_modules\npm\bin\npm-cli.js
1 info using npm@10.8.2
2 info using node@v22.4.1
3 silly config load:file:C:\Users\ainun\AppData\Roaming\npm\node_modules\npm\npmrc
4 silly config load:file:C:\Users\ainun\OneDrive\Desktop\ccit-dashboard\.npmrc
5 silly config load:file:C:\Users\ainun\.npmrc
6 silly config load:file:C:\Users\ainun\AppData\Roaming\npm\etc\npmrc
7 verbose title npm audit fix
8 verbose argv "audit" "fix"
9 verbose logfile logs-max:10 dir:C:\Users\ainun\OneDrive\Desktop\ccit-dashboard\UsersainunAppDataLocalnpm-cache\_logs\2024-08-28T03_34_54_809Z-
10 verbose logfile C:\Users\ainun\OneDrive\Desktop\ccit-dashboard\UsersainunAppDataLocalnpm-cache\_logs\2024-08-28T03_34_54_809Z-debug-0.log
11 silly packumentCache heap:2197815296 maxSize:549453824 maxEntrySize:274726912
12 silly logfile start cleaning logs, removing 1 files
13 silly logfile done cleaning log files
14 silly audit bulk request {
14 silly audit   '@alloc/quick-lru': [ '5.2.0' ],
14 silly audit   '@babel/runtime': [ '7.24.7' ],
14 silly audit   '@eslint-community/eslint-utils': [ '4.4.0' ],
14 silly audit   '@eslint-community/regexpp': [ '4.11.0' ],
14 silly audit   '@eslint/eslintrc': [ '2.1.4' ],
14 silly audit   '@eslint/js': [ '8.57.0' ],
14 silly audit   '@humanwhocodes/config-array': [ '0.11.14' ],
14 silly audit   '@humanwhocodes/module-importer': [ '1.0.1' ],
14 silly audit   '@humanwhocodes/object-schema': [ '2.0.3' ],
14 silly audit   '@isaacs/cliui': [ '8.0.2' ],
14 silly audit   'ansi-regex': [ '6.0.1', '5.0.1' ],
14 silly audit   'strip-ansi': [ '7.1.0', '6.0.1' ],
14 silly audit   '@jridgewell/gen-mapping': [ '0.3.5' ],
14 silly audit   '@jridgewell/resolve-uri': [ '3.1.2' ],
14 silly audit   '@jridgewell/set-array': [ '1.2.1' ],
14 silly audit   '@jridgewell/sourcemap-codec': [ '1.4.15' ],
14 silly audit   '@jridgewell/trace-mapping': [ '0.3.25' ],
14 silly audit   '@next-auth/prisma-adapter': [ '1.0.7' ],
14 silly audit   '@next/env': [ '14.2.4' ],
14 silly audit   '@next/eslint-plugin-next': [ '14.2.4' ],
14 silly audit   '@next/swc-darwin-arm64': [ '14.2.4' ],
14 silly audit   '@next/swc-darwin-x64': [ '14.2.4' ],
14 silly audit   '@next/swc-linux-arm64-gnu': [ '14.2.4' ],
14 silly audit   '@next/swc-linux-arm64-musl': [ '14.2.4' ],
14 silly audit   '@next/swc-linux-x64-gnu': [ '14.2.4' ],
14 silly audit   '@next/swc-linux-x64-musl': [ '14.2.4' ],
14 silly audit   '@next/swc-win32-arm64-msvc': [ '14.2.4' ],
14 silly audit   '@next/swc-win32-ia32-msvc': [ '14.2.4' ],
14 silly audit   '@next/swc-win32-x64-msvc': [ '14.2.4' ],
14 silly audit   '@nodelib/fs.scandir': [ '2.1.5' ],
14 silly audit   '@nodelib/fs.stat': [ '2.0.5' ],
14 silly audit   '@nodelib/fs.walk': [ '1.2.8' ],
14 silly audit   '@panva/hkdf': [ '1.2.1' ],
14 silly audit   '@pkgjs/parseargs': [ '0.11.0' ],
14 silly audit   '@prisma/client': [ '5.18.0' ],
14 silly audit   '@radix-ui/react-compose-refs': [ '1.1.0' ],
14 silly audit   '@radix-ui/react-slot': [ '1.1.0' ],
14 silly audit   '@rushstack/eslint-patch': [ '1.10.3' ],
14 silly audit   '@swc/counter': [ '0.1.3' ],
14 silly audit   '@swc/helpers': [ '0.5.5' ],
14 silly audit   '@types/json5': [ '0.0.29' ],
14 silly audit   '@types/node': [ '20.16.2' ],
14 silly audit   '@types/prop-types': [ '15.7.12' ],
14 silly audit   '@types/react': [ '18.3.4' ],
14 silly audit   '@types/react-dom': [ '18.3.0' ],
14 silly audit   '@typescript-eslint/parser': [ '7.2.0' ],
14 silly audit   '@typescript-eslint/scope-manager': [ '7.2.0' ],
14 silly audit   '@typescript-eslint/types': [ '7.2.0' ],
14 silly audit   '@typescript-eslint/typescript-estree': [ '7.2.0' ],
14 silly audit   'brace-expansion': [ '2.0.1', '1.1.11' ],
14 silly audit   minimatch: [ '9.0.3', '9.0.5', '3.1.2' ],
14 silly audit   '@typescript-eslint/visitor-keys': [ '7.2.0' ],
14 silly audit   '@ungap/structured-clone': [ '1.2.0' ],
14 silly audit   acorn: [ '8.12.0' ],
14 silly audit   'acorn-jsx': [ '5.3.2' ],
14 silly audit   ajv: [ '6.12.6' ],
14 silly audit   'ansi-styles': [ '4.3.0', '6.2.1' ],
14 silly audit   'any-promise': [ '1.3.0' ],
14 silly audit   anymatch: [ '3.1.3' ],
14 silly audit   arg: [ '5.0.2' ],
14 silly audit   argparse: [ '2.0.1' ],
14 silly audit   'aria-query': [ '5.1.3' ],
14 silly audit   'array-buffer-byte-length': [ '1.0.1' ],
14 silly audit   'array-includes': [ '3.1.8' ],
14 silly audit   'array-union': [ '2.1.0' ],
14 silly audit   'array.prototype.findlast': [ '1.2.5' ],
14 silly audit   'array.prototype.findlastindex': [ '1.2.5' ],
14 silly audit   'array.prototype.flat': [ '1.3.2' ],
14 silly audit   'array.prototype.flatmap': [ '1.3.2' ],
14 silly audit   'array.prototype.toreversed': [ '1.1.2' ],
14 silly audit   'array.prototype.tosorted': [ '1.1.4' ],
14 silly audit   'arraybuffer.prototype.slice': [ '1.0.3' ],
14 silly audit   'ast-types-flow': [ '0.0.8' ],
14 silly audit   'available-typed-arrays': [ '1.0.7' ],
14 silly audit   'axe-core': [ '4.9.1' ],
14 silly audit   'axobject-query': [ '3.1.1' ],
14 silly audit   'balanced-match': [ '1.0.2' ],
14 silly audit   'binary-extensions': [ '2.3.0' ],
14 silly audit   braces: [ '3.0.3' ],
14 silly audit   busboy: [ '1.6.0' ],
14 silly audit   'call-bind': [ '1.0.7' ],
14 silly audit   callsites: [ '3.1.0' ],
14 silly audit   'camelcase-css': [ '2.0.1' ],
14 silly audit   'caniuse-lite': [ '1.0.30001639' ],
14 silly audit   chalk: [ '4.1.2' ],
14 silly audit   chokidar: [ '3.6.0' ],
14 silly audit   'glob-parent': [ '5.1.2', '6.0.2' ],
14 silly audit   'class-variance-authority': [ '0.7.0' ],
14 silly audit   clsx: [ '2.0.0', '2.1.1' ],
14 silly audit   'client-only': [ '0.0.1' ],
14 silly audit   'color-convert': [ '2.0.1' ],
14 silly audit   'color-name': [ '1.1.4' ],
14 silly audit   commander: [ '4.1.1' ],
14 silly audit   'concat-map': [ '0.0.1' ],
14 silly audit   cookie: [ '0.5.0' ],
14 silly audit   'cross-spawn': [ '7.0.3' ],
14 silly audit   cssesc: [ '3.0.0' ],
14 silly audit   csstype: [ '3.1.3' ],
14 silly audit   'damerau-levenshtein': [ '1.0.8' ],
14 silly audit   'data-view-buffer': [ '1.0.1' ],
14 silly audit   'data-view-byte-length': [ '1.0.1' ],
14 silly audit   'data-view-byte-offset': [ '1.0.0' ],
14 silly audit   debug: [ '4.3.5', '3.2.7' ],
14 silly audit   'deep-equal': [ '2.2.3' ],
14 silly audit   'deep-is': [ '0.1.4' ],
14 silly audit   'define-data-property': [ '1.1.4' ],
14 silly audit   'define-properties': [ '1.2.1' ],
14 silly audit   didyoumean: [ '1.2.2' ],
14 silly audit   'dir-glob': [ '3.0.1' ],
14 silly audit   dlv: [ '1.1.3' ],
14 silly audit   doctrine: [ '3.0.0', '2.1.0' ],
14 silly audit   eastasianwidth: [ '0.2.0' ],
14 silly audit   'emoji-regex': [ '9.2.2', '8.0.0' ],
14 silly audit   'enhanced-resolve': [ '5.17.0' ],
14 silly audit   'es-abstract': [ '1.23.3' ],
14 silly audit   'es-define-property': [ '1.0.0' ],
14 silly audit   'es-errors': [ '1.3.0' ],
14 silly audit   'es-get-iterator': [ '1.1.3' ],
14 silly audit   'es-iterator-helpers': [ '1.0.19' ],
14 silly audit   'es-object-atoms': [ '1.0.0' ],
14 silly audit   'es-set-tostringtag': [ '2.0.3' ],
14 silly audit   'es-shim-unscopables': [ '1.0.2' ],
14 silly audit   'es-to-primitive': [ '1.2.1' ],
14 silly audit   'escape-string-regexp': [ '4.0.0' ],
14 silly audit   eslint: [ '8.57.0' ],
14 silly audit   'eslint-config-next': [ '14.2.4' ],
14 silly audit   'eslint-import-resolver-node': [ '0.3.9' ],
14 silly audit   'eslint-import-resolver-typescript': [ '3.6.1' ],
14 silly audit   'eslint-module-utils': [ '2.8.1' ],
14 silly audit   'eslint-plugin-import': [ '2.29.1' ],
14 silly audit   semver: [ '6.3.1', '7.6.2' ],
14 silly audit   'eslint-plugin-jsx-a11y': [ '6.9.0' ],
14 silly audit   'eslint-plugin-react': [ '7.34.3' ],
14 silly audit   'eslint-plugin-react-hooks': [ '4.6.2' ],
14 silly audit   resolve: [ '2.0.0-next.5', '1.22.8' ],
14 silly audit   'eslint-scope': [ '7.2.2' ],
14 silly audit   'eslint-visitor-keys': [ '3.4.3' ],
14 silly audit   espree: [ '9.6.1' ],
14 silly audit   esquery: [ '1.5.0' ],
14 silly audit   esrecurse: [ '4.3.0' ],
14 silly audit   estraverse: [ '5.3.0' ],
14 silly audit   esutils: [ '2.0.3' ],
14 silly audit   'fast-deep-equal': [ '3.1.3' ],
14 silly audit   'fast-glob': [ '3.3.2' ],
14 silly audit   'fast-json-stable-stringify': [ '2.1.0' ],
14 silly audit   'fast-levenshtein': [ '2.0.6' ],
14 silly audit   fastq: [ '1.17.1' ],
14 silly audit   'file-entry-cache': [ '6.0.1' ],
14 silly audit   'fill-range': [ '7.1.1' ],
14 silly audit   'find-up': [ '5.0.0' ],
14 silly audit   'flat-cache': [ '3.2.0' ],
14 silly audit   flatted: [ '3.3.1' ],
14 silly audit   'for-each': [ '0.3.3' ],
14 silly audit   'foreground-child': [ '3.2.1' ],
14 silly audit   'fs.realpath': [ '1.0.0' ],
14 silly audit   fsevents: [ '2.3.3' ],
14 silly audit   'function-bind': [ '1.1.2' ],
14 silly audit   'function.prototype.name': [ '1.1.6' ],
14 silly audit   'functions-have-names': [ '1.2.3' ],
14 silly audit   'get-intrinsic': [ '1.2.4' ],
14 silly audit   'get-symbol-description': [ '1.0.2' ],
14 silly audit   'get-tsconfig': [ '4.7.5' ],
14 silly audit   glob: [ '10.3.10', '7.2.3' ],
14 silly audit   globals: [ '13.24.0' ],
14 silly audit   globalthis: [ '1.0.4' ],
14 silly audit   globby: [ '11.1.0' ],
14 silly audit   gopd: [ '1.0.1' ],
14 silly audit   'graceful-fs': [ '4.2.11' ],
14 silly audit   graphemer: [ '1.4.0' ],
14 silly audit   'has-bigints': [ '1.0.2' ],
14 silly audit   'has-flag': [ '4.0.0' ],
14 silly audit   'has-property-descriptors': [ '1.0.2' ],
14 silly audit   'has-proto': [ '1.0.3' ],
14 silly audit   'has-symbols': [ '1.0.3' ],
14 silly audit   'has-tostringtag': [ '1.0.2' ],
14 silly audit   hasown: [ '2.0.2' ],
14 silly audit   ignore: [ '5.3.1' ],
14 silly audit   'import-fresh': [ '3.3.0' ],
14 silly audit   imurmurhash: [ '0.1.4' ],
14 silly audit   inflight: [ '1.0.6' ],
14 silly audit   inherits: [ '2.0.4' ],
14 silly audit   'internal-slot': [ '1.0.7' ],
14 silly audit   'is-arguments': [ '1.1.1' ],
14 silly audit   'is-array-buffer': [ '3.0.4' ],
14 silly audit   'is-async-function': [ '2.0.0' ],
14 silly audit   'is-bigint': [ '1.0.4' ],
14 silly audit   'is-binary-path': [ '2.1.0' ],
14 silly audit   'is-boolean-object': [ '1.1.2' ],
14 silly audit   'is-callable': [ '1.2.7' ],
14 silly audit   'is-core-module': [ '2.14.0' ],
14 silly audit   'is-data-view': [ '1.0.1' ],
14 silly audit   'is-date-object': [ '1.0.5' ],
14 silly audit   'is-extglob': [ '2.1.1' ],
14 silly audit   'is-finalizationregistry': [ '1.0.2' ],
14 silly audit   'is-fullwidth-code-point': [ '3.0.0' ],
14 silly audit   'is-generator-function': [ '1.0.10' ],
14 silly audit   'is-glob': [ '4.0.3' ],
14 silly audit   'is-map': [ '2.0.3' ],
14 silly audit   'is-negative-zero': [ '2.0.3' ],
14 silly audit   'is-number': [ '7.0.0' ],
14 silly audit   'is-number-object': [ '1.0.7' ],
14 silly audit   'is-path-inside': [ '3.0.3' ],
14 silly audit   'is-regex': [ '1.1.4' ],
14 silly audit   'is-set': [ '2.0.3' ],
14 silly audit   'is-shared-array-buffer': [ '1.0.3' ],
14 silly audit   'is-string': [ '1.0.7' ],
14 silly audit   'is-symbol': [ '1.0.4' ],
14 silly audit   'is-typed-array': [ '1.1.13' ],
14 silly audit   'is-weakmap': [ '2.0.2' ],
14 silly audit   'is-weakref': [ '1.0.2' ],
14 silly audit   'is-weakset': [ '2.0.3' ],
14 silly audit   isarray: [ '2.0.5' ],
14 silly audit   isexe: [ '2.0.0' ],
14 silly audit   'iterator.prototype': [ '1.1.2' ],
14 silly audit   jackspeak: [ '2.3.6' ],
14 silly audit   jiti: [ '1.21.6' ],
14 silly audit   jose: [ '4.15.9' ],
14 silly audit   'js-tokens': [ '4.0.0' ],
14 silly audit   'js-yaml': [ '4.1.0' ],
14 silly audit   'json-buffer': [ '3.0.1' ],
14 silly audit   'json-schema-traverse': [ '0.4.1' ],
14 silly audit   'json-stable-stringify-without-jsonify': [ '1.0.1' ],
14 silly audit   json5: [ '1.0.2' ],
14 silly audit   'jsx-ast-utils': [ '3.3.5' ],
14 silly audit   keyv: [ '4.5.4' ],
14 silly audit   'language-subtag-registry': [ '0.3.23' ],
14 silly audit   'language-tags': [ '1.0.9' ],
14 silly audit   levn: [ '0.4.1' ],
14 silly audit   lilconfig: [ '2.1.0', '3.1.2' ],
14 silly audit   'lines-and-columns': [ '1.2.4' ],
14 silly audit   'locate-path': [ '6.0.0' ],
14 silly audit   'lodash.merge': [ '4.6.2' ],
14 silly audit   'loose-envify': [ '1.4.0' ],
14 silly audit   'lru-cache': [ '10.3.0', '6.0.0' ],
14 silly audit   'lucide-react': [ '0.400.0' ],
14 silly audit   merge2: [ '1.4.1' ],
14 silly audit   micromatch: [ '4.0.7' ],
14 silly audit   minimist: [ '1.2.8' ],
14 silly audit   minipass: [ '7.1.2' ],
14 silly audit   ms: [ '2.1.2' ],
14 silly audit   mz: [ '2.7.0' ],
14 silly audit   nanoid: [ '3.3.7' ],
14 silly audit   'natural-compare': [ '1.4.0' ],
14 silly audit   next: [ '14.2.4' ],
14 silly audit   'next-auth': [ '4.24.7' ],
14 silly audit   postcss: [ '8.4.31', '8.4.39' ],
14 silly audit   'normalize-path': [ '3.0.0' ],
14 silly audit   oauth: [ '0.9.15' ],
14 silly audit   'object-assign': [ '4.1.1' ],
14 silly audit   'object-hash': [ '3.0.0', '2.2.0' ],
14 silly audit   'object-inspect': [ '1.13.2' ],
14 silly audit   'object-is': [ '1.1.6' ],
14 silly audit   'object-keys': [ '1.1.1' ],
14 silly audit   'object.assign': [ '4.1.5' ],
14 silly audit   'object.entries': [ '1.1.8' ],
14 silly audit   'object.fromentries': [ '2.0.8' ],
14 silly audit   'object.groupby': [ '1.0.3' ],
14 silly audit   'object.hasown': [ '1.1.4' ],
14 silly audit   'object.values': [ '1.2.0' ],
14 silly audit   'oidc-token-hash': [ '5.0.3' ],
14 silly audit   once: [ '1.4.0' ],
14 silly audit   'openid-client': [ '5.6.5' ],
14 silly audit   optionator: [ '0.9.4' ],
14 silly audit   'p-limit': [ '3.1.0' ],
14 silly audit   'p-locate': [ '5.0.0' ],
14 silly audit   'parent-module': [ '1.0.1' ],
14 silly audit   'path-exists': [ '4.0.0' ],
14 silly audit   'path-is-absolute': [ '1.0.1' ],
14 silly audit   'path-key': [ '3.1.1' ],
14 silly audit   'path-parse': [ '1.0.7' ],
14 silly audit   'path-scurry': [ '1.11.1' ],
14 silly audit   'path-type': [ '4.0.0' ],
14 silly audit   picocolors: [ '1.0.1' ],
14 silly audit   picomatch: [ '2.3.1' ],
14 silly audit   pify: [ '2.3.0' ],
14 silly audit   pirates: [ '4.0.6' ],
14 silly audit   'possible-typed-array-names': [ '1.0.0' ],
14 silly audit   'postcss-import': [ '15.1.0' ],
14 silly audit   'postcss-js': [ '4.0.1' ],
14 silly audit   'postcss-load-config': [ '4.0.2' ],
14 silly audit   'postcss-nested': [ '6.0.1' ],
14 silly audit   'postcss-selector-parser': [ '6.1.0' ],
14 silly audit   'postcss-value-parser': [ '4.2.0' ],
14 silly audit   preact: [ '10.23.2' ],
14 silly audit   'preact-render-to-string': [ '5.2.6' ],
14 silly audit   'prelude-ls': [ '1.2.1' ],
14 silly audit   'pretty-format': [ '3.8.0' ],
14 silly audit   'prop-types': [ '15.8.1' ],
14 silly audit   punycode: [ '2.3.1' ],
14 silly audit   'queue-microtask': [ '1.2.3' ],
14 silly audit   react: [ '18.3.1' ],
14 silly audit   'react-dom': [ '18.3.1' ],
14 silly audit   'react-is': [ '16.13.1' ],
14 silly audit   'read-cache': [ '1.0.0' ],
14 silly audit   readdirp: [ '3.6.0' ],
14 silly audit   'reflect.getprototypeof': [ '1.0.6' ],
14 silly audit   'regenerator-runtime': [ '0.14.1' ],
14 silly audit   'regexp.prototype.flags': [ '1.5.2' ],
14 silly audit   'resolve-from': [ '4.0.0' ],
14 silly audit   'resolve-pkg-maps': [ '1.0.0' ],
14 silly audit   reusify: [ '1.0.4' ],
14 silly audit   rimraf: [ '3.0.2' ],
14 silly audit   'run-parallel': [ '1.2.0' ],
14 silly audit   'safe-array-concat': [ '1.1.2' ],
14 silly audit   'safe-regex-test': [ '1.0.3' ],
14 silly audit   scheduler: [ '0.23.2' ],
14 silly audit   'set-function-length': [ '1.2.2' ],
14 silly audit   'set-function-name': [ '2.0.2' ],
14 silly audit   'shebang-command': [ '2.0.0' ],
14 silly audit   'shebang-regex': [ '3.0.0' ],
14 silly audit   'side-channel': [ '1.0.6' ],
14 silly audit   'signal-exit': [ '4.1.0' ],
14 silly audit   slash: [ '3.0.0' ],
14 silly audit   'source-map-js': [ '1.2.0' ],
14 silly audit   'stop-iteration-iterator': [ '1.0.0' ],
14 silly audit   streamsearch: [ '1.1.0' ],
14 silly audit   'string-width': [ '5.1.2', '4.2.3' ],
14 silly audit   'string.prototype.includes': [ '2.0.0' ],
14 silly audit   'string.prototype.matchall': [ '4.0.11' ],
14 silly audit   'string.prototype.trim': [ '1.2.9' ],
14 silly audit   'string.prototype.trimend': [ '1.0.8' ],
14 silly audit   'string.prototype.trimstart': [ '1.0.8' ],
14 silly audit   'strip-bom': [ '3.0.0' ],
14 silly audit   'strip-json-comments': [ '3.1.1' ],
14 silly audit   'styled-jsx': [ '5.1.1' ],
14 silly audit   sucrase: [ '3.35.0' ],
14 silly audit   'supports-color': [ '7.2.0' ],
14 silly audit   'supports-preserve-symlinks-flag': [ '1.0.0' ],
14 silly audit   'tailwind-merge': [ '2.3.0' ],
14 silly audit   tailwindcss: [ '3.4.4' ],
14 silly audit   'tailwindcss-animate': [ '1.0.7' ],
14 silly audit   tapable: [ '2.2.1' ],
14 silly audit   'text-table': [ '0.2.0' ],
14 silly audit   thenify: [ '3.3.1' ],
14 silly audit   'thenify-all': [ '1.6.0' ],
14 silly audit   'to-regex-range': [ '5.0.1' ],
14 silly audit   'ts-api-utils': [ '1.3.0' ],
14 silly audit   'ts-interface-checker': [ '0.1.13' ],
14 silly audit   'tsconfig-paths': [ '3.15.0' ],
14 silly audit   tslib: [ '2.6.3' ],
14 silly audit   'type-check': [ '0.4.0' ],
14 silly audit   'type-fest': [ '0.20.2' ],
14 silly audit   'typed-array-buffer': [ '1.0.2' ],
14 silly audit   'typed-array-byte-length': [ '1.0.1' ],
14 silly audit   'typed-array-byte-offset': [ '1.0.2' ],
14 silly audit   'typed-array-length': [ '1.0.6' ],
14 silly audit   typescript: [ '5.5.4' ],
14 silly audit   'unbox-primitive': [ '1.0.2' ],
14 silly audit   'undici-types': [ '6.19.8' ],
14 silly audit   'uri-js': [ '4.4.1' ],
14 silly audit   'util-deprecate': [ '1.0.2' ],
14 silly audit   uuid: [ '8.3.2' ],
14 silly audit   which: [ '2.0.2' ],
14 silly audit   'which-boxed-primitive': [ '1.0.2' ],
14 silly audit   'which-builtin-type': [ '1.1.3' ],
14 silly audit   'which-collection': [ '1.0.2' ],
14 silly audit   'which-typed-array': [ '1.1.15' ],
14 silly audit   'word-wrap': [ '1.2.5' ],
14 silly audit   'wrap-ansi': [ '8.1.0', '7.0.0' ],
14 silly audit   wrappy: [ '1.0.2' ],
14 silly audit   yallist: [ '4.0.0' ],
14 silly audit   yaml: [ '2.4.5' ],
14 silly audit   'yocto-queue': [ '0.1.0' ]
14 silly audit }
15 http fetch POST 200 https://registry.npmjs.org/-/npm/v1/security/advisories/bulk 306ms
16 silly audit report {
16 silly audit report   micromatch: [
16 silly audit report     {
16 silly audit report       id: 1098618,
16 silly audit report       url: 'https://github.com/advisories/GHSA-952p-6rrq-rcjv',
16 silly audit report       title: 'Regular Expression Denial of Service (ReDoS) in micromatch',
16 silly audit report       severity: 'moderate',
16 silly audit report       vulnerable_versions: '<4.0.8',
16 silly audit report       cwe: [Array],
16 silly audit report       cvss: [Object]
16 silly audit report     }
16 silly audit report   ]
16 silly audit report }
17 silly packumentCache corgi:https://registry.npmjs.org/micromatch cache-miss
18 http fetch GET 200 https://registry.npmjs.org/micromatch 11ms (cache hit)
19 silly packumentCache corgi:https://registry.npmjs.org/micromatch set size:71776 disposed:false
20 silly packumentCache corgi:https://registry.npmjs.org/fast-glob cache-miss
21 silly packumentCache corgi:https://registry.npmjs.org/tailwindcss cache-miss
22 http fetch GET 200 https://registry.npmjs.org/fast-glob 8ms (cache hit)
23 silly packumentCache corgi:https://registry.npmjs.org/fast-glob set size:84869 disposed:false
24 http fetch GET 200 https://registry.npmjs.org/tailwindcss 16ms (cache hit)
25 silly packumentCache corgi:https://registry.npmjs.org/tailwindcss set size:3923643 disposed:false
26 silly idealTree buildDeps
27 silly fetch manifest micromatch@^4.0.4
28 silly packumentCache full:https://registry.npmjs.org/micromatch cache-miss
29 http fetch GET 200 https://registry.npmjs.org/micromatch 139ms (cache miss)
30 silly packumentCache full:https://registry.npmjs.org/micromatch set size:undefined disposed:false
31 silly placeDep ROOT micromatch@4.0.8 REPLACE for: fast-glob@3.3.2 want: ^4.0.4
32 silly reify mark retired [
32 silly reify   'C:\\Users\\ainun\\OneDrive\\Desktop\\ccit-dashboard\\node_modules\\micromatch'
32 silly reify ]
33 silly reify moves {
33 silly reify   'C:\\Users\\ainun\\OneDrive\\Desktop\\ccit-dashboard\\node_modules\\micromatch': 'C:\\Users\\ainun\\OneDrive\\Desktop\\ccit-dashboard\\node_modules\\.micromatch-zA6RtxXd'
33 silly reify }
34 silly audit bulk request {
34 silly audit   '@alloc/quick-lru': [ '5.2.0' ],
34 silly audit   '@babel/runtime': [ '7.24.7' ],
34 silly audit   '@eslint-community/eslint-utils': [ '4.4.0' ],
34 silly audit   '@eslint-community/regexpp': [ '4.11.0' ],
34 silly audit   '@eslint/eslintrc': [ '2.1.4' ],
34 silly audit   '@eslint/js': [ '8.57.0' ],
34 silly audit   '@humanwhocodes/config-array': [ '0.11.14' ],
34 silly audit   '@humanwhocodes/module-importer': [ '1.0.1' ],
34 silly audit   '@humanwhocodes/object-schema': [ '2.0.3' ],
34 silly audit   '@isaacs/cliui': [ '8.0.2' ],
34 silly audit   'ansi-regex': [ '6.0.1', '5.0.1' ],
34 silly audit   'strip-ansi': [ '7.1.0', '6.0.1' ],
34 silly audit   '@jridgewell/gen-mapping': [ '0.3.5' ],
34 silly audit   '@jridgewell/resolve-uri': [ '3.1.2' ],
34 silly audit   '@jridgewell/set-array': [ '1.2.1' ],
34 silly audit   '@jridgewell/sourcemap-codec': [ '1.4.15' ],
34 silly audit   '@jridgewell/trace-mapping': [ '0.3.25' ],
34 silly audit   '@next-auth/prisma-adapter': [ '1.0.7' ],
34 silly audit   '@next/env': [ '14.2.4' ],
34 silly audit   '@next/eslint-plugin-next': [ '14.2.4' ],
34 silly audit   '@next/swc-darwin-arm64': [ '14.2.4' ],
34 silly audit   '@next/swc-darwin-x64': [ '14.2.4' ],
34 silly audit   '@next/swc-linux-arm64-gnu': [ '14.2.4' ],
34 silly audit   '@next/swc-linux-arm64-musl': [ '14.2.4' ],
34 silly audit   '@next/swc-linux-x64-gnu': [ '14.2.4' ],
34 silly audit   '@next/swc-linux-x64-musl': [ '14.2.4' ],
34 silly audit   '@next/swc-win32-arm64-msvc': [ '14.2.4' ],
34 silly audit   '@next/swc-win32-ia32-msvc': [ '14.2.4' ],
34 silly audit   '@next/swc-win32-x64-msvc': [ '14.2.4' ],
34 silly audit   '@nodelib/fs.scandir': [ '2.1.5' ],
34 silly audit   '@nodelib/fs.stat': [ '2.0.5' ],
34 silly audit   '@nodelib/fs.walk': [ '1.2.8' ],
34 silly audit   '@panva/hkdf': [ '1.2.1' ],
34 silly audit   '@pkgjs/parseargs': [ '0.11.0' ],
34 silly audit   '@prisma/client': [ '5.18.0' ],
34 silly audit   '@radix-ui/react-compose-refs': [ '1.1.0' ],
34 silly audit   '@radix-ui/react-slot': [ '1.1.0' ],
34 silly audit   '@rushstack/eslint-patch': [ '1.10.3' ],
34 silly audit   '@swc/counter': [ '0.1.3' ],
34 silly audit   '@swc/helpers': [ '0.5.5' ],
34 silly audit   '@types/json5': [ '0.0.29' ],
34 silly audit   '@types/node': [ '20.16.2' ],
34 silly audit   '@types/prop-types': [ '15.7.12' ],
34 silly audit   '@types/react': [ '18.3.4' ],
34 silly audit   '@types/react-dom': [ '18.3.0' ],
34 silly audit   '@typescript-eslint/parser': [ '7.2.0' ],
34 silly audit   '@typescript-eslint/scope-manager': [ '7.2.0' ],
34 silly audit   '@typescript-eslint/types': [ '7.2.0' ],
34 silly audit   '@typescript-eslint/typescript-estree': [ '7.2.0' ],
34 silly audit   'brace-expansion': [ '2.0.1', '1.1.11' ],
34 silly audit   minimatch: [ '9.0.3', '9.0.5', '3.1.2' ],
34 silly audit   '@typescript-eslint/visitor-keys': [ '7.2.0' ],
34 silly audit   '@ungap/structured-clone': [ '1.2.0' ],
34 silly audit   acorn: [ '8.12.0' ],
34 silly audit   'acorn-jsx': [ '5.3.2' ],
34 silly audit   ajv: [ '6.12.6' ],
34 silly audit   'ansi-styles': [ '4.3.0', '6.2.1' ],
34 silly audit   'any-promise': [ '1.3.0' ],
34 silly audit   anymatch: [ '3.1.3' ],
34 silly audit   arg: [ '5.0.2' ],
34 silly audit   argparse: [ '2.0.1' ],
34 silly audit   'aria-query': [ '5.1.3' ],
34 silly audit   'array-buffer-byte-length': [ '1.0.1' ],
34 silly audit   'array-includes': [ '3.1.8' ],
34 silly audit   'array-union': [ '2.1.0' ],
34 silly audit   'array.prototype.findlast': [ '1.2.5' ],
34 silly audit   'array.prototype.findlastindex': [ '1.2.5' ],
34 silly audit   'array.prototype.flat': [ '1.3.2' ],
34 silly audit   'array.prototype.flatmap': [ '1.3.2' ],
34 silly audit   'array.prototype.toreversed': [ '1.1.2' ],
34 silly audit   'array.prototype.tosorted': [ '1.1.4' ],
34 silly audit   'arraybuffer.prototype.slice': [ '1.0.3' ],
34 silly audit   'ast-types-flow': [ '0.0.8' ],
34 silly audit   'available-typed-arrays': [ '1.0.7' ],
34 silly audit   'axe-core': [ '4.9.1' ],
34 silly audit   'axobject-query': [ '3.1.1' ],
34 silly audit   'balanced-match': [ '1.0.2' ],
34 silly audit   'binary-extensions': [ '2.3.0' ],
34 silly audit   braces: [ '3.0.3' ],
34 silly audit   busboy: [ '1.6.0' ],
34 silly audit   'call-bind': [ '1.0.7' ],
34 silly audit   callsites: [ '3.1.0' ],
34 silly audit   'camelcase-css': [ '2.0.1' ],
34 silly audit   'caniuse-lite': [ '1.0.30001639' ],
34 silly audit   chalk: [ '4.1.2' ],
34 silly audit   chokidar: [ '3.6.0' ],
34 silly audit   'glob-parent': [ '5.1.2', '6.0.2' ],
34 silly audit   'class-variance-authority': [ '0.7.0' ],
34 silly audit   clsx: [ '2.0.0', '2.1.1' ],
34 silly audit   'client-only': [ '0.0.1' ],
34 silly audit   'color-convert': [ '2.0.1' ],
34 silly audit   'color-name': [ '1.1.4' ],
34 silly audit   commander: [ '4.1.1' ],
34 silly audit   'concat-map': [ '0.0.1' ],
34 silly audit   cookie: [ '0.5.0' ],
34 silly audit   'cross-spawn': [ '7.0.3' ],
34 silly audit   cssesc: [ '3.0.0' ],
34 silly audit   csstype: [ '3.1.3' ],
34 silly audit   'damerau-levenshtein': [ '1.0.8' ],
34 silly audit   'data-view-buffer': [ '1.0.1' ],
34 silly audit   'data-view-byte-length': [ '1.0.1' ],
34 silly audit   'data-view-byte-offset': [ '1.0.0' ],
34 silly audit   debug: [ '4.3.5', '3.2.7' ],
34 silly audit   'deep-equal': [ '2.2.3' ],
34 silly audit   'deep-is': [ '0.1.4' ],
34 silly audit   'define-data-property': [ '1.1.4' ],
34 silly audit   'define-properties': [ '1.2.1' ],
34 silly audit   didyoumean: [ '1.2.2' ],
34 silly audit   'dir-glob': [ '3.0.1' ],
34 silly audit   dlv: [ '1.1.3' ],
34 silly audit   doctrine: [ '3.0.0', '2.1.0' ],
34 silly audit   eastasianwidth: [ '0.2.0' ],
34 silly audit   'emoji-regex': [ '9.2.2', '8.0.0' ],
34 silly audit   'enhanced-resolve': [ '5.17.0' ],
34 silly audit   'es-abstract': [ '1.23.3' ],
34 silly audit   'es-define-property': [ '1.0.0' ],
34 silly audit   'es-errors': [ '1.3.0' ],
34 silly audit   'es-get-iterator': [ '1.1.3' ],
34 silly audit   'es-iterator-helpers': [ '1.0.19' ],
34 silly audit   'es-object-atoms': [ '1.0.0' ],
34 silly audit   'es-set-tostringtag': [ '2.0.3' ],
34 silly audit   'es-shim-unscopables': [ '1.0.2' ],
34 silly audit   'es-to-primitive': [ '1.2.1' ],
34 silly audit   'escape-string-regexp': [ '4.0.0' ],
34 silly audit   eslint: [ '8.57.0' ],
34 silly audit   'eslint-config-next': [ '14.2.4' ],
34 silly audit   'eslint-import-resolver-node': [ '0.3.9' ],
34 silly audit   'eslint-import-resolver-typescript': [ '3.6.1' ],
34 silly audit   'eslint-module-utils': [ '2.8.1' ],
34 silly audit   'eslint-plugin-import': [ '2.29.1' ],
34 silly audit   semver: [ '6.3.1', '7.6.2' ],
34 silly audit   'eslint-plugin-jsx-a11y': [ '6.9.0' ],
34 silly audit   'eslint-plugin-react': [ '7.34.3' ],
34 silly audit   'eslint-plugin-react-hooks': [ '4.6.2' ],
34 silly audit   resolve: [ '2.0.0-next.5', '1.22.8' ],
34 silly audit   'eslint-scope': [ '7.2.2' ],
34 silly audit   'eslint-visitor-keys': [ '3.4.3' ],
34 silly audit   espree: [ '9.6.1' ],
34 silly audit   esquery: [ '1.5.0' ],
34 silly audit   esrecurse: [ '4.3.0' ],
34 silly audit   estraverse: [ '5.3.0' ],
34 silly audit   esutils: [ '2.0.3' ],
34 silly audit   'fast-deep-equal': [ '3.1.3' ],
34 silly audit   'fast-glob': [ '3.3.2' ],
34 silly audit   'fast-json-stable-stringify': [ '2.1.0' ],
34 silly audit   'fast-levenshtein': [ '2.0.6' ],
34 silly audit   fastq: [ '1.17.1' ],
34 silly audit   'file-entry-cache': [ '6.0.1' ],
34 silly audit   'fill-range': [ '7.1.1' ],
34 silly audit   'find-up': [ '5.0.0' ],
34 silly audit   'flat-cache': [ '3.2.0' ],
34 silly audit   flatted: [ '3.3.1' ],
34 silly audit   'for-each': [ '0.3.3' ],
34 silly audit   'foreground-child': [ '3.2.1' ],
34 silly audit   'fs.realpath': [ '1.0.0' ],
34 silly audit   fsevents: [ '2.3.3' ],
34 silly audit   'function-bind': [ '1.1.2' ],
34 silly audit   'function.prototype.name': [ '1.1.6' ],
34 silly audit   'functions-have-names': [ '1.2.3' ],
34 silly audit   'get-intrinsic': [ '1.2.4' ],
34 silly audit   'get-symbol-description': [ '1.0.2' ],
34 silly audit   'get-tsconfig': [ '4.7.5' ],
34 silly audit   glob: [ '10.3.10', '7.2.3' ],
34 silly audit   globals: [ '13.24.0' ],
34 silly audit   globalthis: [ '1.0.4' ],
34 silly audit   globby: [ '11.1.0' ],
34 silly audit   gopd: [ '1.0.1' ],
34 silly audit   'graceful-fs': [ '4.2.11' ],
34 silly audit   graphemer: [ '1.4.0' ],
34 silly audit   'has-bigints': [ '1.0.2' ],
34 silly audit   'has-flag': [ '4.0.0' ],
34 silly audit   'has-property-descriptors': [ '1.0.2' ],
34 silly audit   'has-proto': [ '1.0.3' ],
34 silly audit   'has-symbols': [ '1.0.3' ],
34 silly audit   'has-tostringtag': [ '1.0.2' ],
34 silly audit   hasown: [ '2.0.2' ],
34 silly audit   ignore: [ '5.3.1' ],
34 silly audit   'import-fresh': [ '3.3.0' ],
34 silly audit   imurmurhash: [ '0.1.4' ],
34 silly audit   inflight: [ '1.0.6' ],
34 silly audit   inherits: [ '2.0.4' ],
34 silly audit   'internal-slot': [ '1.0.7' ],
34 silly audit   'is-arguments': [ '1.1.1' ],
34 silly audit   'is-array-buffer': [ '3.0.4' ],
34 silly audit   'is-async-function': [ '2.0.0' ],
34 silly audit   'is-bigint': [ '1.0.4' ],
34 silly audit   'is-binary-path': [ '2.1.0' ],
34 silly audit   'is-boolean-object': [ '1.1.2' ],
34 silly audit   'is-callable': [ '1.2.7' ],
34 silly audit   'is-core-module': [ '2.14.0' ],
34 silly audit   'is-data-view': [ '1.0.1' ],
34 silly audit   'is-date-object': [ '1.0.5' ],
34 silly audit   'is-extglob': [ '2.1.1' ],
34 silly audit   'is-finalizationregistry': [ '1.0.2' ],
34 silly audit   'is-fullwidth-code-point': [ '3.0.0' ],
34 silly audit   'is-generator-function': [ '1.0.10' ],
34 silly audit   'is-glob': [ '4.0.3' ],
34 silly audit   'is-map': [ '2.0.3' ],
34 silly audit   'is-negative-zero': [ '2.0.3' ],
34 silly audit   'is-number': [ '7.0.0' ],
34 silly audit   'is-number-object': [ '1.0.7' ],
34 silly audit   'is-path-inside': [ '3.0.3' ],
34 silly audit   'is-regex': [ '1.1.4' ],
34 silly audit   'is-set': [ '2.0.3' ],
34 silly audit   'is-shared-array-buffer': [ '1.0.3' ],
34 silly audit   'is-string': [ '1.0.7' ],
34 silly audit   'is-symbol': [ '1.0.4' ],
34 silly audit   'is-typed-array': [ '1.1.13' ],
34 silly audit   'is-weakmap': [ '2.0.2' ],
34 silly audit   'is-weakref': [ '1.0.2' ],
34 silly audit   'is-weakset': [ '2.0.3' ],
34 silly audit   isarray: [ '2.0.5' ],
34 silly audit   isexe: [ '2.0.0' ],
34 silly audit   'iterator.prototype': [ '1.1.2' ],
34 silly audit   jackspeak: [ '2.3.6' ],
34 silly audit   jiti: [ '1.21.6' ],
34 silly audit   jose: [ '4.15.9' ],
34 silly audit   'js-tokens': [ '4.0.0' ],
34 silly audit   'js-yaml': [ '4.1.0' ],
34 silly audit   'json-buffer': [ '3.0.1' ],
34 silly audit   'json-schema-traverse': [ '0.4.1' ],
34 silly audit   'json-stable-stringify-without-jsonify': [ '1.0.1' ],
34 silly audit   json5: [ '1.0.2' ],
34 silly audit   'jsx-ast-utils': [ '3.3.5' ],
34 silly audit   keyv: [ '4.5.4' ],
34 silly audit   'language-subtag-registry': [ '0.3.23' ],
34 silly audit   'language-tags': [ '1.0.9' ],
34 silly audit   levn: [ '0.4.1' ],
34 silly audit   lilconfig: [ '2.1.0', '3.1.2' ],
34 silly audit   'lines-and-columns': [ '1.2.4' ],
34 silly audit   'locate-path': [ '6.0.0' ],
34 silly audit   'lodash.merge': [ '4.6.2' ],
34 silly audit   'loose-envify': [ '1.4.0' ],
34 silly audit   'lru-cache': [ '10.3.0', '6.0.0' ],
34 silly audit   'lucide-react': [ '0.400.0' ],
34 silly audit   merge2: [ '1.4.1' ],
34 silly audit   minimist: [ '1.2.8' ],
34 silly audit   minipass: [ '7.1.2' ],
34 silly audit   ms: [ '2.1.2' ],
34 silly audit   mz: [ '2.7.0' ],
34 silly audit   nanoid: [ '3.3.7' ],
34 silly audit   'natural-compare': [ '1.4.0' ],
34 silly audit   next: [ '14.2.4' ],
34 silly audit   'next-auth': [ '4.24.7' ],
34 silly audit   postcss: [ '8.4.31', '8.4.39' ],
34 silly audit   'normalize-path': [ '3.0.0' ],
34 silly audit   oauth: [ '0.9.15' ],
34 silly audit   'object-assign': [ '4.1.1' ],
34 silly audit   'object-hash': [ '3.0.0', '2.2.0' ],
34 silly audit   'object-inspect': [ '1.13.2' ],
34 silly audit   'object-is': [ '1.1.6' ],
34 silly audit   'object-keys': [ '1.1.1' ],
34 silly audit   'object.assign': [ '4.1.5' ],
34 silly audit   'object.entries': [ '1.1.8' ],
34 silly audit   'object.fromentries': [ '2.0.8' ],
34 silly audit   'object.groupby': [ '1.0.3' ],
34 silly audit   'object.hasown': [ '1.1.4' ],
34 silly audit   'object.values': [ '1.2.0' ],
34 silly audit   'oidc-token-hash': [ '5.0.3' ],
34 silly audit   once: [ '1.4.0' ],
34 silly audit   'openid-client': [ '5.6.5' ],
34 silly audit   optionator: [ '0.9.4' ],
34 silly audit   'p-limit': [ '3.1.0' ],
34 silly audit   'p-locate': [ '5.0.0' ],
34 silly audit   'parent-module': [ '1.0.1' ],
34 silly audit   'path-exists': [ '4.0.0' ],
34 silly audit   'path-is-absolute': [ '1.0.1' ],
34 silly audit   'path-key': [ '3.1.1' ],
34 silly audit   'path-parse': [ '1.0.7' ],
34 silly audit   'path-scurry': [ '1.11.1' ],
34 silly audit   'path-type': [ '4.0.0' ],
34 silly audit   picocolors: [ '1.0.1' ],
34 silly audit   picomatch: [ '2.3.1' ],
34 silly audit   pify: [ '2.3.0' ],
34 silly audit   pirates: [ '4.0.6' ],
34 silly audit   'possible-typed-array-names': [ '1.0.0' ],
34 silly audit   'postcss-import': [ '15.1.0' ],
34 silly audit   'postcss-js': [ '4.0.1' ],
34 silly audit   'postcss-load-config': [ '4.0.2' ],
34 silly audit   'postcss-nested': [ '6.0.1' ],
34 silly audit   'postcss-selector-parser': [ '6.1.0' ],
34 silly audit   'postcss-value-parser': [ '4.2.0' ],
34 silly audit   preact: [ '10.23.2' ],
34 silly audit   'preact-render-to-string': [ '5.2.6' ],
34 silly audit   'prelude-ls': [ '1.2.1' ],
34 silly audit   'pretty-format': [ '3.8.0' ],
34 silly audit   'prop-types': [ '15.8.1' ],
34 silly audit   punycode: [ '2.3.1' ],
34 silly audit   'queue-microtask': [ '1.2.3' ],
34 silly audit   react: [ '18.3.1' ],
34 silly audit   'react-dom': [ '18.3.1' ],
34 silly audit   'react-is': [ '16.13.1' ],
34 silly audit   'read-cache': [ '1.0.0' ],
34 silly audit   readdirp: [ '3.6.0' ],
34 silly audit   'reflect.getprototypeof': [ '1.0.6' ],
34 silly audit   'regenerator-runtime': [ '0.14.1' ],
34 silly audit   'regexp.prototype.flags': [ '1.5.2' ],
34 silly audit   'resolve-from': [ '4.0.0' ],
34 silly audit   'resolve-pkg-maps': [ '1.0.0' ],
34 silly audit   reusify: [ '1.0.4' ],
34 silly audit   rimraf: [ '3.0.2' ],
34 silly audit   'run-parallel': [ '1.2.0' ],
34 silly audit   'safe-array-concat': [ '1.1.2' ],
34 silly audit   'safe-regex-test': [ '1.0.3' ],
34 silly audit   scheduler: [ '0.23.2' ],
34 silly audit   'set-function-length': [ '1.2.2' ],
34 silly audit   'set-function-name': [ '2.0.2' ],
34 silly audit   'shebang-command': [ '2.0.0' ],
34 silly audit   'shebang-regex': [ '3.0.0' ],
34 silly audit   'side-channel': [ '1.0.6' ],
34 silly audit   'signal-exit': [ '4.1.0' ],
34 silly audit   slash: [ '3.0.0' ],
34 silly audit   'source-map-js': [ '1.2.0' ],
34 silly audit   'stop-iteration-iterator': [ '1.0.0' ],
34 silly audit   streamsearch: [ '1.1.0' ],
34 silly audit   'string-width': [ '5.1.2', '4.2.3' ],
34 silly audit   'string.prototype.includes': [ '2.0.0' ],
34 silly audit   'string.prototype.matchall': [ '4.0.11' ],
34 silly audit   'string.prototype.trim': [ '1.2.9' ],
34 silly audit   'string.prototype.trimend': [ '1.0.8' ],
34 silly audit   'string.prototype.trimstart': [ '1.0.8' ],
34 silly audit   'strip-bom': [ '3.0.0' ],
34 silly audit   'strip-json-comments': [ '3.1.1' ],
34 silly audit   'styled-jsx': [ '5.1.1' ],
34 silly audit   sucrase: [ '3.35.0' ],
34 silly audit   'supports-color': [ '7.2.0' ],
34 silly audit   'supports-preserve-symlinks-flag': [ '1.0.0' ],
34 silly audit   'tailwind-merge': [ '2.3.0' ],
34 silly audit   tailwindcss: [ '3.4.4' ],
34 silly audit   'tailwindcss-animate': [ '1.0.7' ],
34 silly audit   tapable: [ '2.2.1' ],
34 silly audit   'text-table': [ '0.2.0' ],
34 silly audit   thenify: [ '3.3.1' ],
34 silly audit   'thenify-all': [ '1.6.0' ],
34 silly audit   'to-regex-range': [ '5.0.1' ],
34 silly audit   'ts-api-utils': [ '1.3.0' ],
34 silly audit   'ts-interface-checker': [ '0.1.13' ],
34 silly audit   'tsconfig-paths': [ '3.15.0' ],
34 silly audit   tslib: [ '2.6.3' ],
34 silly audit   'type-check': [ '0.4.0' ],
34 silly audit   'type-fest': [ '0.20.2' ],
34 silly audit   'typed-array-buffer': [ '1.0.2' ],
34 silly audit   'typed-array-byte-length': [ '1.0.1' ],
34 silly audit   'typed-array-byte-offset': [ '1.0.2' ],
34 silly audit   'typed-array-length': [ '1.0.6' ],
34 silly audit   typescript: [ '5.5.4' ],
34 silly audit   'unbox-primitive': [ '1.0.2' ],
34 silly audit   'undici-types': [ '6.19.8' ],
34 silly audit   'uri-js': [ '4.4.1' ],
34 silly audit   'util-deprecate': [ '1.0.2' ],
34 silly audit   uuid: [ '8.3.2' ],
34 silly audit   which: [ '2.0.2' ],
34 silly audit   'which-boxed-primitive': [ '1.0.2' ],
34 silly audit   'which-builtin-type': [ '1.1.3' ],
34 silly audit   'which-collection': [ '1.0.2' ],
34 silly audit   'which-typed-array': [ '1.1.15' ],
34 silly audit   'word-wrap': [ '1.2.5' ],
34 silly audit   'wrap-ansi': [ '8.1.0', '7.0.0' ],
34 silly audit   wrappy: [ '1.0.2' ],
34 silly audit   yallist: [ '4.0.0' ],
34 silly audit   yaml: [ '2.4.5' ],
34 silly audit   'yocto-queue': [ '0.1.0' ],
34 silly audit   micromatch: [ '4.0.8' ]
34 silly audit }
35 verbose reify failed optional dependency C:\Users\ainun\OneDrive\Desktop\ccit-dashboard\node_modules\fsevents
36 silly reify mark deleted [
36 silly reify   'C:\\Users\\ainun\\OneDrive\\Desktop\\ccit-dashboard\\node_modules\\fsevents'
36 silly reify ]
37 verbose reify failed optional dependency C:\Users\ainun\OneDrive\Desktop\ccit-dashboard\node_modules\@next\swc-win32-ia32-msvc
38 silly reify mark deleted [
38 silly reify   'C:\\Users\\ainun\\OneDrive\\Desktop\\ccit-dashboard\\node_modules\\@next\\swc-win32-ia32-msvc'
38 silly reify ]
39 verbose reify failed optional dependency C:\Users\ainun\OneDrive\Desktop\ccit-dashboard\node_modules\@next\swc-win32-arm64-msvc
40 silly reify mark deleted [
40 silly reify   'C:\\Users\\ainun\\OneDrive\\Desktop\\ccit-dashboard\\node_modules\\@next\\swc-win32-arm64-msvc'
40 silly reify ]
41 verbose reify failed optional dependency C:\Users\ainun\OneDrive\Desktop\ccit-dashboard\node_modules\@next\swc-linux-x64-musl
42 silly reify mark deleted [
42 silly reify   'C:\\Users\\ainun\\OneDrive\\Desktop\\ccit-dashboard\\node_modules\\@next\\swc-linux-x64-musl'
42 silly reify ]
43 verbose reify failed optional dependency C:\Users\ainun\OneDrive\Desktop\ccit-dashboard\node_modules\@next\swc-linux-x64-gnu
44 silly reify mark deleted [
44 silly reify   'C:\\Users\\ainun\\OneDrive\\Desktop\\ccit-dashboard\\node_modules\\@next\\swc-linux-x64-gnu'
44 silly reify ]
45 verbose reify failed optional dependency C:\Users\ainun\OneDrive\Desktop\ccit-dashboard\node_modules\@next\swc-linux-arm64-musl
46 silly reify mark deleted [
46 silly reify   'C:\\Users\\ainun\\OneDrive\\Desktop\\ccit-dashboard\\node_modules\\@next\\swc-linux-arm64-musl'
46 silly reify ]
47 verbose reify failed optional dependency C:\Users\ainun\OneDrive\Desktop\ccit-dashboard\node_modules\@next\swc-linux-arm64-gnu
48 silly reify mark deleted [
48 silly reify   'C:\\Users\\ainun\\OneDrive\\Desktop\\ccit-dashboard\\node_modules\\@next\\swc-linux-arm64-gnu'
48 silly reify ]
49 verbose reify failed optional dependency C:\Users\ainun\OneDrive\Desktop\ccit-dashboard\node_modules\@next\swc-darwin-x64
50 silly reify mark deleted [
50 silly reify   'C:\\Users\\ainun\\OneDrive\\Desktop\\ccit-dashboard\\node_modules\\@next\\swc-darwin-x64'
50 silly reify ]
51 verbose reify failed optional dependency C:\Users\ainun\OneDrive\Desktop\ccit-dashboard\node_modules\@next\swc-darwin-arm64
52 silly reify mark deleted [
52 silly reify   'C:\\Users\\ainun\\OneDrive\\Desktop\\ccit-dashboard\\node_modules\\@next\\swc-darwin-arm64'
52 silly reify ]
53 silly tarball no local data for micromatch@https://registry.npmjs.org/micromatch/-/micromatch-4.0.8.tgz. Extracting by manifest.
54 http fetch GET 200 https://registry.npmjs.org/micromatch/-/micromatch-4.0.8.tgz 145ms (cache miss)
55 http fetch POST 200 https://registry.npmjs.org/-/npm/v1/security/advisories/bulk 256ms
56 silly audit report {}
57 silly ADD
58 silly ADD
59 silly ADD
60 silly ADD
61 silly ADD
62 silly ADD
63 silly ADD
64 silly ADD
65 silly ADD
66 silly CHANGE node_modules/micromatch
67 verbose cwd C:\Users\ainun\OneDrive\Desktop\ccit-dashboard
68 verbose os Windows_NT 10.0.22631
69 verbose node v22.4.1
70 verbose npm  v10.8.2
71 verbose exit 0
72 info ok
