0 verbose cli C:\Program Files\nodejs\node.exe C:\Users\ainun\AppData\Roaming\npm\node_modules\npm\bin\npm-cli.js
1 info using npm@10.8.2
2 info using node@v22.4.1
3 silly config load:file:C:\Users\ainun\AppData\Roaming\npm\node_modules\npm\npmrc
4 silly config load:file:C:\Users\ainun\OneDrive\Desktop\ccit-dashboard\.npmrc
5 silly config load:file:C:\Users\ainun\.npmrc
6 silly config load:file:C:\Users\ainun\AppData\Roaming\npm\etc\npmrc
7 verbose title npm exec create-next-app@latest
8 verbose argv "exec" "--" "create-next-app@latest"
9 verbose logfile logs-max:10 dir:C:\Users\ainun\OneDrive\Desktop\ccit-dashboard\UsersainunAppDataLocalnpm-cache\_logs\2024-08-28T03_33_46_707Z-
10 verbose logfile C:\Users\ainun\OneDrive\Desktop\ccit-dashboard\UsersainunAppDataLocalnpm-cache\_logs\2024-08-28T03_33_46_707Z-debug-0.log
11 silly logfile start cleaning logs, removing 1 files
12 silly logfile done cleaning log files
13 silly packumentCache heap:2197815296 maxSize:549453824 maxEntrySize:274726912
14 http fetch GET 200 https://registry.npmjs.org/create-next-app 326ms (cache miss)
15 silly packumentCache heap:2197815296 maxSize:549453824 maxEntrySize:274726912
16 silly packumentCache heap:2197815296 maxSize:549453824 maxEntrySize:274726912
17 verbose stack Error: canceled
17 verbose stack     at Interface.<anonymous> (C:\Users\ainun\AppData\Roaming\npm\node_modules\npm\node_modules\read\dist\commonjs\read.js:89:21)
17 verbose stack     at Interface.emit (node:events:520:28)
17 verbose stack     at [_ttyWrite] [as _ttyWrite] (node:internal/readline/interface:1125:18)
17 verbose stack     at ReadStream.onkeypress (node:internal/readline/interface:264:20)
17 verbose stack     at ReadStream.emit (node:events:520:28)
17 verbose stack     at emitKeys (node:internal/readline/utils:371:14)
17 verbose stack     at emitKeys.next (<anonymous>)
17 verbose stack     at ReadStream.onData (node:internal/readline/emitKeypressEvents:64:36)
17 verbose stack     at ReadStream.emit (node:events:520:28)
17 verbose stack     at addChunk (node:internal/streams/readable:559:12)
18 error canceled
19 verbose cwd C:\Users\ainun\OneDrive\Desktop\ccit-dashboard
20 verbose os Windows_NT 10.0.22631
21 verbose node v22.4.1
22 verbose npm  v10.8.2
23 verbose exit 1
24 verbose code 1
25 error A complete log of this run can be found in: C:\Users\ainun\OneDrive\Desktop\ccit-dashboard\UsersainunAppDataLocalnpm-cache\_logs\2024-08-28T03_33_46_707Z-debug-0.log
