0 verbose cli C:\Program Files\nodejs\node.exe C:\Users\ainun\AppData\Roaming\npm\node_modules\npm\bin\npm-cli.js
1 info using npm@10.8.2
2 info using node@v22.4.1
3 silly config load:file:C:\Users\ainun\AppData\Roaming\npm\node_modules\npm\npmrc
4 silly config load:file:C:\Users\ainun\OneDrive\Desktop\toko-magang\ccit-dashboard\.npmrc
5 silly config load:file:C:\Users\ainun\.npmrc
6 silly config load:file:C:\Users\ainun\AppData\Roaming\npm\etc\npmrc
7 verbose title npm exec prisma migrate dev --name init
8 verbose argv "exec" "--" "prisma" "migrate" "dev" "--name" "init"
9 verbose logfile logs-max:10 dir:C:\Users\ainun\OneDrive\Desktop\toko-magang\ccit-dashboard\UsersainunAppDataLocalnpm-cache\_logs\2024-08-26T04_00_35_391Z-
10 verbose logfile C:\Users\ainun\OneDrive\Desktop\toko-magang\ccit-dashboard\UsersainunAppDataLocalnpm-cache\_logs\2024-08-26T04_00_35_391Z-debug-0.log
11 silly logfile start cleaning logs, removing 2 files
12 silly logfile done cleaning log files
13 silly packumentCache heap:2197815296 maxSize:549453824 maxEntrySize:274726912
14 verbose shrinkwrap failed to load node_modules/.package-lock.json out of date, updated: node_modules
15 http fetch GET 200 https://registry.npmjs.org/prisma 592ms (cache updated)
16 silly packumentCache heap:2197815296 maxSize:549453824 maxEntrySize:274726912
17 silly packumentCache heap:2197815296 maxSize:549453824 maxEntrySize:274726912
18 verbose shrinkwrap failed to load node_modules/.package-lock.json out of date, updated: node_modules/prisma
19 silly idealTree buildDeps
20 silly fetch manifest prisma@5.18.0
21 silly packumentCache full:https://registry.npmjs.org/prisma cache-miss
22 http fetch GET 200 https://registry.npmjs.org/prisma 628ms (cache updated)
23 silly packumentCache full:https://registry.npmjs.org/prisma set size:undefined disposed:false
24 silly placeDep ROOT prisma@5.18.0 REPLACE for:  want: 5.18.0
25 silly reify moves {}
26 silly audit bulk request {
26 silly audit   '@prisma/debug': [ '5.18.0' ],
26 silly audit   '@prisma/engines': [ '5.18.0' ],
26 silly audit   '@prisma/engines-version': [ '5.18.0-25.4c784e32044a8a016d99474bd02a3b6123742169' ],
26 silly audit   '@prisma/fetch-engine': [ '5.18.0' ],
26 silly audit   '@prisma/get-platform': [ '5.18.0' ],
26 silly audit   prisma: [ '5.18.0' ]
26 silly audit }
27 http fetch POST 200 https://registry.npmjs.org/-/npm/v1/security/advisories/bulk 211ms
28 silly audit report {}
29 verbose cwd C:\Users\ainun\OneDrive\Desktop\toko-magang\ccit-dashboard
30 verbose os Windows_NT 10.0.22631
31 verbose node v22.4.1
32 verbose npm  v10.8.2
33 verbose exit 0
34 info ok
